[2020-07-24 23:28:54.443] [sharedprocess] [info] main {"machineId":"98e81cd1554cdd73334ecdcbda4e8f8fa89219af0efe0a8e04be2bb5325a649e","windowId":2}
[2020-07-24 23:28:54.774] [sharedprocess] [error] [File Watcher (node.js)] Error: ENOENT: no such file or directory, stat '/home/odst0016/.config/Code/User/snippets'
[2020-07-24 23:29:09.635] [sharedprocess] [info] Installing extension: xabikos.javascriptsnippets
[2020-07-24 23:29:10.505] [sharedprocess] [info] Downloaded extension: xabikos.javascriptsnippets /home/odst0016/.config/Code/CachedExtensionVSIXs/xabikos.javascriptsnippets-1.8.0
[2020-07-24 23:29:10.651] [sharedprocess] [info] Extracted extension to /home/odst0016/.vscode/extensions/.xabikos.javascriptsnippets-1.8.0: xabikos.javascriptsnippets
[2020-07-24 23:29:10.651] [sharedprocess] [info] Renamed to /home/odst0016/.vscode/extensions/xabikos.javascriptsnippets-1.8.0
[2020-07-24 23:29:10.652] [sharedprocess] [info] Installation completed. xabikos.javascriptsnippets
[2020-07-24 23:29:10.682] [sharedprocess] [info] Extensions installed successfully: xabikos.javascriptsnippets
[2020-07-24 23:29:17.594] [sharedprocess] [info] Installing extension: wallabyjs.quokka-vscode
[2020-07-24 23:29:19.110] [sharedprocess] [info] Downloaded extension: wallabyjs.quokka-vscode /home/odst0016/.config/Code/CachedExtensionVSIXs/wallabyjs.quokka-vscode-1.0.311
[2020-07-24 23:29:33.666] [sharedprocess] [info] Extracted extension to /home/odst0016/.vscode/extensions/.wallabyjs.quokka-vscode-1.0.311: wallabyjs.quokka-vscode
[2020-07-24 23:29:33.668] [sharedprocess] [info] Renamed to /home/odst0016/.vscode/extensions/wallabyjs.quokka-vscode-1.0.311
[2020-07-24 23:29:33.670] [sharedprocess] [info] Installation completed. wallabyjs.quokka-vscode
[2020-07-24 23:29:33.716] [sharedprocess] [info] Extensions installed successfully: wallabyjs.quokka-vscode
[2020-07-24 23:29:34.559] [sharedprocess] [info] Starting to clean up unused language packs.
[2020-07-24 23:29:36.207] [sharedprocess] [info] Installing extension: esbenp.prettier-vscode
[2020-07-24 23:29:36.862] [sharedprocess] [info] Downloaded extension: esbenp.prettier-vscode /home/odst0016/.config/Code/CachedExtensionVSIXs/esbenp.prettier-vscode-5.1.3
[2020-07-24 23:29:37.579] [sharedprocess] [info] Extracted extension to /home/odst0016/.vscode/extensions/.esbenp.prettier-vscode-5.1.3: esbenp.prettier-vscode
[2020-07-24 23:29:37.580] [sharedprocess] [info] Renamed to /home/odst0016/.vscode/extensions/esbenp.prettier-vscode-5.1.3
[2020-07-24 23:29:37.591] [sharedprocess] [info] Installation completed. esbenp.prettier-vscode
[2020-07-24 23:29:37.628] [sharedprocess] [info] Extensions installed successfully: esbenp.prettier-vscode
[2020-07-24 23:29:49.627] [sharedprocess] [info] Installing extension: coenraads.bracket-pair-colorizer-2
[2020-07-24 23:29:49.976] [sharedprocess] [info] Downloaded extension: coenraads.bracket-pair-colorizer-2 /home/odst0016/.config/Code/CachedExtensionVSIXs/coenraads.bracket-pair-colorizer-2-0.2.0
[2020-07-24 23:29:50.534] [sharedprocess] [info] Extracted extension to /home/odst0016/.vscode/extensions/.coenraads.bracket-pair-colorizer-2-0.2.0: coenraads.bracket-pair-colorizer-2
[2020-07-24 23:29:50.534] [sharedprocess] [info] Renamed to /home/odst0016/.vscode/extensions/coenraads.bracket-pair-colorizer-2-0.2.0
[2020-07-24 23:29:50.536] [sharedprocess] [info] Installation completed. coenraads.bracket-pair-colorizer-2
[2020-07-24 23:29:50.571] [sharedprocess] [info] Extensions installed successfully: coenraads.bracket-pair-colorizer-2
[2020-07-24 23:30:04.844] [sharedprocess] [info] Installing extension: aaron-bond.better-comments
[2020-07-24 23:30:05.045] [sharedprocess] [info] Downloaded extension: aaron-bond.better-comments /home/odst0016/.config/Code/CachedExtensionVSIXs/aaron-bond.better-comments-2.1.0
[2020-07-24 23:30:05.081] [sharedprocess] [info] Extracted extension to /home/odst0016/.vscode/extensions/.aaron-bond.better-comments-2.1.0: aaron-bond.better-comments
[2020-07-24 23:30:05.081] [sharedprocess] [info] Renamed to /home/odst0016/.vscode/extensions/aaron-bond.better-comments-2.1.0
[2020-07-24 23:30:05.083] [sharedprocess] [info] Installation completed. aaron-bond.better-comments
[2020-07-24 23:30:05.092] [sharedprocess] [info] Extensions installed successfully: aaron-bond.better-comments
[2020-07-24 23:30:11.443] [sharedprocess] [info] Installing extension: dbaeumer.vscode-eslint
[2020-07-24 23:30:11.614] [sharedprocess] [info] Downloaded extension: dbaeumer.vscode-eslint /home/odst0016/.config/Code/CachedExtensionVSIXs/dbaeumer.vscode-eslint-2.1.8
[2020-07-24 23:30:11.661] [sharedprocess] [info] Extracted extension to /home/odst0016/.vscode/extensions/.dbaeumer.vscode-eslint-2.1.8: dbaeumer.vscode-eslint
[2020-07-24 23:30:11.661] [sharedprocess] [info] Renamed to /home/odst0016/.vscode/extensions/dbaeumer.vscode-eslint-2.1.8
[2020-07-24 23:30:11.663] [sharedprocess] [info] Installation completed. dbaeumer.vscode-eslint
[2020-07-24 23:30:11.669] [sharedprocess] [info] Extensions installed successfully: dbaeumer.vscode-eslint
